Arguments: 
  /usr/local/bin/node /usr/local/Cellar/yarn/1.22.4/libexec/bin/yarn.js add -D vite

PATH: 
  /opt/local/bin:/opt/local/sbin:/usr/local/bin:/usr/bin:/bin:/usr/sbin:/sbin:/usr/local/go/bin:/opt/miniconda3/bin:/opt/miniconda3/condabin:/opt/local/bin:/opt/local/sbin

Yarn version: 
  1.22.4

Node version: 
  19.6.0

Platform: 
  darwin x64

Trace: 
  Error: connect ENETUNREACH 104.16.27.35:443 - Local (0.0.0.0:50292)
      at internalConnect (node:net:1059:16)
      at defaultTriggerAsyncIdScope (node:internal/async_hooks:465:18)
      at emitLookup (node:net:1321:9)
      at /usr/local/Cellar/yarn/1.22.4/libexec/lib/cli.js:107523:28
      at /usr/local/Cellar/yarn/1.22.4/libexec/lib/cli.js:107432:13
      at module.exports.RawTask.call (/usr/local/Cellar/yarn/1.22.4/libexec/lib/cli.js:83613:19)
      at flush (/usr/local/Cellar/yarn/1.22.4/libexec/lib/cli.js:83695:29)
      at processTicksAndRejections (node:internal/process/task_queues:77:11)
      at runNextTicks (node:internal/process/task_queues:64:3)
      at process.processImmediate (node:internal/timers:446:9)

npm manifest: 
  {
    "name": "Banker",
    "version": "1.0.0",
    "main": "index.js",
    "repository": "https://github.com/Mhiracul/Banking_Site.git",
    "author": "Miracle Okeke <mokeke185@gmail.com>",
    "license": "MIT",
    "scripts": {
      "dev": "vite",
      "build": "vite build",
      "preview": "vite preview"
    }
  }

yarn manifest: 
  No manifest

Lockfile: 
  # THIS IS AN AUTOGENERATED FILE. DO NOT EDIT THIS FILE DIRECTLY.
  # yarn lockfile v1
